Version SISSO.3.0, June, 2019.
================================================================================

Reading data from train.dat ...
Reading parameters from SISSO.in: 
--------------------------------------------------------------------------------
restarts ?     F
descriptor dimension:        2
property type:     1
total number of properties:        1
task_weighting:        1
number of samples for each property:      394
number of scalar features:       21
times of applying the operator set for feature construction (rung of the feature space):        3
max complexity (number of operators in a feature):        3
number of dimension(unit)-type (for dimension analysis):        4
dimension type for each primary feature: 
  1.00  0.00  0.00  0.00
  1.00  0.00  0.00  0.00
  1.00  0.00  0.00  0.00
  1.00  0.00  0.00  0.00
  1.00  0.00  0.00  0.00
  1.00  0.00  0.00  0.00
  0.00  1.00  0.00  0.00
  0.00  1.00  0.00  0.00
  0.00  1.00  0.00  0.00
  0.00  1.00  0.00  0.00
  0.00  0.00  1.00  0.00
  0.00  0.00  1.00  0.00
  0.00  0.00  0.00  1.00
  0.00  0.00  0.00  1.00
  0.00  0.00  0.00  1.00
  0.00  0.00  0.00  1.00
  0.00  0.00  0.00  1.00
  0.00  0.00  0.00  1.00
  0.00  0.00  0.00  1.00
  0.00  0.00  0.00  1.00
  0.00  0.00  0.00  1.00
lower bound of the max abs. data value for the selected features:     0.10000E-02
upper bound of the max abs. data value for the selected features:     0.10000E+06
Expected size of the SIS-selected (single) subspace :   100000
operator set for feature construction: (+)(-)(*)(/)(exp)(log)(^-1)(^2)(^3)(sqrt)(cbrt)(|-|) 
method for sparsification:  L0        
number of the top ranked models to output:      100
fit intercept?      T
metric for model selection: RMSE
--------------------------------------------------------------------------------

Feature Construction and Descriptor Identification (FCDI) starts ...

iteration:   1
--------------------------------------------------------------------------------
FC starts ...
Standard Deviation (SD) of property 001:  184.73608
Total number of features in the space phi00:             21
Total number of features in the space phi01:            815
Total number of features in the space phi02:         409167
Total number of features in the space phi03:        1869675
Size of the SIS-selected subspace from phi03:     100000
Wall-clock time (second) for this FC:           90.32
FC done!

DI starts ...
total number of SIS-selected features from all iterations:     100000
L0 starts ...

Model/descriptor for generating residual:
================================================================================
  1D descriptor (model): 
Total RMSE,MaxAE:  67.573677215.818035
@@@descriptor: 
                      1:[((C*Tt)*(NT-TT))]
       coefficients_001:     0.3951567656E-01
          Intercept_001:     0.2454697180E+03
         RMSE,MaxAE_001:     0.6757367700E+02    0.2158180346E+03
================================================================================
Wall-clock time (second) for this DI:           10.75
DI done!

iteration:   2
--------------------------------------------------------------------------------
FC starts ...
File containing the features to be rejected: feature_space/Uspace.name
Total number of features in the space phi00:             21
Total number of features in the space phi01:            815
Total number of features in the space phi02:         409167
Total number of features in the space phi03:        1869675
Size of the SIS-selected subspace from phi03:     100000
Wall-clock time (second) for this FC:          115.65
FC done!

DI starts ...
total number of SIS-selected features from all iterations:     200000
L0 starts ...

Final model/descriptor to report
================================================================================
  2D descriptor (model): 
Total RMSE,MaxAE:  38.573080153.266949
@@@descriptor: 
                   1025:[cbrt((DT*(Cr+Ni)))]
                  80216:[(C*abs(TT-abs(DT-THT)))]
       coefficients_001:     0.5040729543E+02    0.2295022670E+01
          Intercept_001:     0.1552671788E+03
         RMSE,MaxAE_001:     0.3857308029E+02    0.1532669490E+03
================================================================================
Wall-clock time (second) for this DI:         3357.90
DI done!

FCDI done !

--------------------------------------------------------------------------------
Total wall-clock time (second):         3631.26

                                               Have a nice day !    


------------------------------------------------------------
Sender: LSF System <lsfadmin@h034>
Subject: Job 845738: <testjob> Done

Job <testjob> was submitted from host <l02> by user <xjsjqianquan> in cluster <hpc>.
Job was executed on host(s) <16*h034>, in queue <priority>, as user <xjsjqianquan> in cluster <hpc>.
                            <16*h056>
</data/home/xjsjqianquan> was used as the home directory.
</data/home/xjsjqianquan/hn0809/cv10/iter010> was used as the working directory.
Started at Fri Nov  6 22:49:50 2020
Results reported at Fri Nov  6 23:50:28 2020

Your job looked like:

------------------------------------------------------------
# LSBATCH: User input
#!/bin/sh
#BSUB -q priority
#BSUB -n 32
#BSUB -o SISSO.out
#BSUB -e SISSO.err
#BSUB -J testjob
#BSUB -x

ncpus=`cat $LSB_DJOB_HOSTFILE | wc -l`
source /data/soft/compiler/intel/v2013/2013intel.sh
source /data/soft/intel/impi/4.1.0.024/bin64/mpivars.sh
#source /data/home/xjsjswf/RESCU/RESCUPackage/barc
#mpirun -machine $LSB_DJOB_HOSTFILE  -np ${ncpus} rescu --smi -i scf.input
mpirun -np ${ncpus} /data/home/xjsjqianquan/bin/SISSO >log

------------------------------------------------------------

Successfully completed.

Resource usage summary:

    CPU time   : 115859.96 sec.
    Max Memory :     28464 MB
    Max Swap   :     46198 MB

    Max Processes  :        41
    Max Threads    :       106

The output (if any) is above this job summary.



PS:

Read file <SISSO.err> for stderr output of this job.

