Version SISSO.3.0, June, 2019.
================================================================================

Reading data from train.dat ...
Reading parameters from SISSO.in: 
--------------------------------------------------------------------------------
restarts ?     F
descriptor dimension:        3
property type:     1
total number of properties:        1
task_weighting:        1
number of samples for each property:      437
number of scalar features:       21
times of applying the operator set for feature construction (rung of the feature space):        3
max complexity (number of operators in a feature):        6
number of dimension(unit)-type (for dimension analysis):        4
dimension type for each primary feature: 
  1.00  0.00  0.00  0.00
  1.00  0.00  0.00  0.00
  1.00  0.00  0.00  0.00
  1.00  0.00  0.00  0.00
  1.00  0.00  0.00  0.00
  1.00  0.00  0.00  0.00
  0.00  1.00  0.00  0.00
  0.00  1.00  0.00  0.00
  0.00  1.00  0.00  0.00
  0.00  1.00  0.00  0.00
  0.00  0.00  1.00  0.00
  0.00  0.00  1.00  0.00
  0.00  0.00  0.00  1.00
  0.00  0.00  0.00  1.00
  0.00  0.00  0.00  1.00
  0.00  0.00  0.00  1.00
  0.00  0.00  0.00  1.00
  0.00  0.00  0.00  1.00
  0.00  0.00  0.00  1.00
  0.00  0.00  0.00  1.00
  0.00  0.00  0.00  1.00
lower bound of the max abs. data value for the selected features:     0.10000E-02
upper bound of the max abs. data value for the selected features:     0.10000E+06
Expected size of the SIS-selected (single) subspace :     3000
operator set for feature construction: (+)(-)(*)(/)(exp)(log)(^-1)(^2)(^3)(sqrt)(cbrt)(|-|) 
method for sparsification:  L0        
number of the top ranked models to output:      100
fit intercept?      T
metric for model selection: RMSE
--------------------------------------------------------------------------------

Feature Construction and Descriptor Identification (FCDI) starts ...

iteration:   1
--------------------------------------------------------------------------------
FC starts ...
Standard Deviation (SD) of property 001:  186.41687
Total number of features in the space phi00:             21
Total number of features in the space phi01:            815
Total number of features in the space phi02:         409276
Total number of features in the space phi03:    23347828072
Size of the SIS-selected subspace from phi03:       3000
Wall-clock time (second) for this FC:         4373.67
FC done!

DI starts ...
total number of SIS-selected features from all iterations:       3000
L0 starts ...

Model/descriptor for generating residual:
================================================================================
  1D descriptor (model): 
Total RMSE,MaxAE:  50.120130247.841241
@@@descriptor: 
                      1:[(cbrt(sqrt(Cr))*((C*Tt)*(NT-TT)))]
       coefficients_001:     0.4046214446E-01
          Intercept_001:     0.2777782928E+03
         RMSE,MaxAE_001:     0.5012012985E+02    0.2478412406E+03
================================================================================
Wall-clock time (second) for this DI:            0.43
DI done!

iteration:   2
--------------------------------------------------------------------------------
FC starts ...
File containing the features to be rejected: feature_space/Uspace.name
Total number of features in the space phi00:             21
Total number of features in the space phi01:            815
Total number of features in the space phi02:         409276
Total number of features in the space phi03:    23347828072
Size of the SIS-selected subspace from phi03:       3000
Wall-clock time (second) for this FC:         4375.56
FC done!

DI starts ...
total number of SIS-selected features from all iterations:       6000
L0 starts ...

Model/descriptor for generating residual:
================================================================================
  2D descriptor (model): 
Total RMSE,MaxAE:  33.530408206.415401
@@@descriptor: 
                     61:[(cbrt((Cr+Si))*((C*Tt)*(NT-TT)))]
                   5536:[(((C-Mo)-abs(C-Ni))/(C*exp(Ni)))]
       coefficients_001:     0.3276640985E-01   -0.1381272808E+03
          Intercept_001:     0.2864098774E+03
         RMSE,MaxAE_001:     0.3353040820E+02    0.2064154010E+03
================================================================================
Wall-clock time (second) for this DI:            2.47
DI done!

iteration:   3
--------------------------------------------------------------------------------
FC starts ...
File containing the features to be rejected: feature_space/Uspace.name
Total number of features in the space phi00:             21
Total number of features in the space phi01:            815
Total number of features in the space phi02:         409276
Total number of features in the space phi03:    23347828072
Size of the SIS-selected subspace from phi03:       3000
Wall-clock time (second) for this FC:         4379.52
FC done!

DI starts ...
total number of SIS-selected features from all iterations:       9000
L0 starts ...

Final model/descriptor to report
================================================================================
  3D descriptor (model): 
Total RMSE,MaxAE:  26.911459133.020910
@@@descriptor: 
                      3:[(((C*Tt)*(NT-TT))/log((Cr/NT)))]
                   3145:[(((NT/C)*(Mo+Si))-((P*CT)/S))]
                   3348:[(abs(C-(Ni-Mo))/((C/Mn)*abs(Mn-Ni)))]
       coefficients_001:    -0.2619200856E+00    0.4703185678E-01    0.4687607753E+02
          Intercept_001:     0.1833731681E+03
         RMSE,MaxAE_001:     0.2691145904E+02    0.1330209103E+03
================================================================================
Wall-clock time (second) for this DI:        17739.64
DI done!

FCDI done !

--------------------------------------------------------------------------------
Total wall-clock time (second):        30876.11

                                               Have a nice day !    


------------------------------------------------------------
Sender: LSF System <lsfadmin@h045>
Subject: Job 814082: <testjob> Done

Job <testjob> was submitted from host <l02> by user <xjsjqianquan> in cluster <hpc>.
Job was executed on host(s) <16*h045>, in queue <normal>, as user <xjsjqianquan> in cluster <hpc>.
                            <16*h047>
                            <16*h042>
                            <16*h053>
</data/home/xjsjqianquan> was used as the home directory.
</data/home/xjsjqianquan/hn0809/test3D_6> was used as the working directory.
Started at Thu Aug 13 21:48:02 2020
Results reported at Fri Aug 14 06:22:46 2020

Your job looked like:

------------------------------------------------------------
# LSBATCH: User input
#!/bin/sh
#BSUB -q normal
#BSUB -n 64
#BSUB -o SISSO.out
#BSUB -e SISSO.err
#BSUB -J testjob
#BSUB -x

ncpus=`cat $LSB_DJOB_HOSTFILE | wc -l`
source /data/soft/compiler/intel/v2013/2013intel.sh
source /data/soft/intel/impi/4.1.0.024/bin64/mpivars.sh
#source /data/home/xjsjswf/RESCU/RESCUPackage/barc
#mpirun -machine $LSB_DJOB_HOSTFILE  -np ${ncpus} rescu --smi -i scf.input
mpirun -np ${ncpus} /data/home/xjsjqianquan/bin/SISSO >log

------------------------------------------------------------

Successfully completed.

Resource usage summary:

    CPU time   :1972556.25 sec.
    Max Memory :     67843 MB
    Max Swap   :     84452 MB

    Max Processes  :        77
    Max Threads    :       206

The output (if any) is above this job summary.



PS:

Read file <SISSO.err> for stderr output of this job.

