Version SISSO.3.0, June, 2019.
================================================================================

Reading data from train.dat ...
Reading parameters from SISSO.in: 
--------------------------------------------------------------------------------
restarts ?     F
descriptor dimension:        2
property type:     1
total number of properties:        1
task_weighting:        1
number of samples for each property:      393
number of scalar features:       21
times of applying the operator set for feature construction (rung of the feature space):        3
max complexity (number of operators in a feature):        3
number of dimension(unit)-type (for dimension analysis):        4
dimension type for each primary feature: 
  1.00  0.00  0.00  0.00
  1.00  0.00  0.00  0.00
  1.00  0.00  0.00  0.00
  1.00  0.00  0.00  0.00
  1.00  0.00  0.00  0.00
  1.00  0.00  0.00  0.00
  0.00  1.00  0.00  0.00
  0.00  1.00  0.00  0.00
  0.00  1.00  0.00  0.00
  0.00  1.00  0.00  0.00
  0.00  0.00  1.00  0.00
  0.00  0.00  1.00  0.00
  0.00  0.00  0.00  1.00
  0.00  0.00  0.00  1.00
  0.00  0.00  0.00  1.00
  0.00  0.00  0.00  1.00
  0.00  0.00  0.00  1.00
  0.00  0.00  0.00  1.00
  0.00  0.00  0.00  1.00
  0.00  0.00  0.00  1.00
  0.00  0.00  0.00  1.00
lower bound of the max abs. data value for the selected features:     0.10000E-02
upper bound of the max abs. data value for the selected features:     0.10000E+06
Expected size of the SIS-selected (single) subspace :   100000
operator set for feature construction: (+)(-)(*)(/)(exp)(log)(^-1)(^2)(^3)(sqrt)(cbrt)(|-|) 
method for sparsification:  L0        
number of the top ranked models to output:      100
fit intercept?      T
metric for model selection: RMSE
--------------------------------------------------------------------------------

Feature Construction and Descriptor Identification (FCDI) starts ...

iteration:   1
--------------------------------------------------------------------------------
FC starts ...
Standard Deviation (SD) of property 001:  177.81581
Total number of features in the space phi00:             21
Total number of features in the space phi01:            815
Total number of features in the space phi02:         409140
Total number of features in the space phi03:        1869921
Size of the SIS-selected subspace from phi03:     100000
Wall-clock time (second) for this FC:           90.71
FC done!

DI starts ...
total number of SIS-selected features from all iterations:     100000
L0 starts ...

Model/descriptor for generating residual:
================================================================================
  1D descriptor (model): 
Total RMSE,MaxAE:  67.957434220.888873
@@@descriptor: 
                      1:[((C*Tt)*(NT-TT))]
       coefficients_001:     0.3925471181E-01
          Intercept_001:     0.2444981139E+03
         RMSE,MaxAE_001:     0.6795743430E+02    0.2208888730E+03
================================================================================
Wall-clock time (second) for this DI:           10.78
DI done!

iteration:   2
--------------------------------------------------------------------------------
FC starts ...
File containing the features to be rejected: feature_space/Uspace.name
Total number of features in the space phi00:             21
Total number of features in the space phi01:            815
Total number of features in the space phi02:         409140
Total number of features in the space phi03:        1869921
Size of the SIS-selected subspace from phi03:     100000
Wall-clock time (second) for this FC:          114.83
FC done!

DI starts ...
total number of SIS-selected features from all iterations:     200000
L0 starts ...

Final model/descriptor to report
================================================================================
  2D descriptor (model): 
Total RMSE,MaxAE:  38.509457146.883781
@@@descriptor: 
                   1025:[cbrt((DT*(Cr+Ni)))]
                  87947:[(C*abs(TT-abs(DT-THT)))]
       coefficients_001:     0.5021898928E+02    0.2232725009E+01
          Intercept_001:     0.1600265151E+03
         RMSE,MaxAE_001:     0.3850945713E+02    0.1468837812E+03
================================================================================
Wall-clock time (second) for this DI:         3379.05
DI done!

FCDI done !

--------------------------------------------------------------------------------
Total wall-clock time (second):         3655.59

                                               Have a nice day !    


------------------------------------------------------------
Sender: LSF System <lsfadmin@h064>
Subject: Job 843123: <testjob> Done

Job <testjob> was submitted from host <l02> by user <xjsjqianquan> in cluster <hpc>.
Job was executed on host(s) <16*h064>, in queue <priority>, as user <xjsjqianquan> in cluster <hpc>.
                            <16*h106>
</data/home/xjsjqianquan> was used as the home directory.
</data/home/xjsjqianquan/hn0809/cv10/iter006> was used as the working directory.
Started at Wed Nov  4 14:44:38 2020
Results reported at Wed Nov  4 15:45:41 2020

Your job looked like:

------------------------------------------------------------
# LSBATCH: User input
#!/bin/sh
#BSUB -q priority
#BSUB -n 32
#BSUB -o SISSO.out
#BSUB -e SISSO.err
#BSUB -J testjob
#BSUB -x

ncpus=`cat $LSB_DJOB_HOSTFILE | wc -l`
source /data/soft/compiler/intel/v2013/2013intel.sh
source /data/soft/intel/impi/4.1.0.024/bin64/mpivars.sh
#source /data/home/xjsjswf/RESCU/RESCUPackage/barc
#mpirun -machine $LSB_DJOB_HOSTFILE  -np ${ncpus} rescu --smi -i scf.input
mpirun -np ${ncpus} /data/home/xjsjqianquan/bin/SISSO >log

------------------------------------------------------------

Successfully completed.

Resource usage summary:

    CPU time   : 116624.92 sec.
    Max Memory :     28240 MB
    Max Swap   :     46098 MB

    Max Processes  :        41
    Max Threads    :       106

The output (if any) is above this job summary.



PS:

Read file <SISSO.err> for stderr output of this job.

