Version SISSO.3.0, June, 2019.
================================================================================

Reading data from train.dat ...
Reading parameters from SISSO.in: 
--------------------------------------------------------------------------------
restarts ?     F
descriptor dimension:        3
property type:     1
total number of properties:        1
task_weighting:        1
number of samples for each property:      437
number of scalar features:       21
times of applying the operator set for feature construction (rung of the feature space):        3
max complexity (number of operators in a feature):        5
number of dimension(unit)-type (for dimension analysis):        4
dimension type for each primary feature: 
  1.00  0.00  0.00  0.00
  1.00  0.00  0.00  0.00
  1.00  0.00  0.00  0.00
  1.00  0.00  0.00  0.00
  1.00  0.00  0.00  0.00
  1.00  0.00  0.00  0.00
  0.00  1.00  0.00  0.00
  0.00  1.00  0.00  0.00
  0.00  1.00  0.00  0.00
  0.00  1.00  0.00  0.00
  0.00  0.00  1.00  0.00
  0.00  0.00  1.00  0.00
  0.00  0.00  0.00  1.00
  0.00  0.00  0.00  1.00
  0.00  0.00  0.00  1.00
  0.00  0.00  0.00  1.00
  0.00  0.00  0.00  1.00
  0.00  0.00  0.00  1.00
  0.00  0.00  0.00  1.00
  0.00  0.00  0.00  1.00
  0.00  0.00  0.00  1.00
lower bound of the max abs. data value for the selected features:     0.10000E-02
upper bound of the max abs. data value for the selected features:     0.10000E+06
Expected size of the SIS-selected (single) subspace :     3000
operator set for feature construction: (+)(-)(*)(/)(exp)(log)(^-1)(^2)(^3)(sqrt)(cbrt)(|-|) 
method for sparsification:  L0        
number of the top ranked models to output:      100
fit intercept?      T
metric for model selection: RMSE
--------------------------------------------------------------------------------

Feature Construction and Descriptor Identification (FCDI) starts ...

iteration:   1
--------------------------------------------------------------------------------
FC starts ...
Standard Deviation (SD) of property 001:  186.41687
Total number of features in the space phi00:             21
Total number of features in the space phi01:            815
Total number of features in the space phi02:         409276
Total number of features in the space phi03:     1527595338
Size of the SIS-selected subspace from phi03:       3000
Wall-clock time (second) for this FC:          442.33
FC done!

DI starts ...
total number of SIS-selected features from all iterations:       3000
L0 starts ...

Model/descriptor for generating residual:
================================================================================
  1D descriptor (model): 
Total RMSE,MaxAE:  55.335863227.872444
@@@descriptor: 
                      1:[(cbrt((Cr+Si))*abs(THT-abs(CT-TT)))]
       coefficients_001:     0.9997513344E+00
          Intercept_001:     0.2478430735E+03
         RMSE,MaxAE_001:     0.5533586296E+02    0.2278724440E+03
================================================================================
Wall-clock time (second) for this DI:            0.43
DI done!

iteration:   2
--------------------------------------------------------------------------------
FC starts ...
File containing the features to be rejected: feature_space/Uspace.name
Total number of features in the space phi00:             21
Total number of features in the space phi01:            815
Total number of features in the space phi02:         409276
Total number of features in the space phi03:     1527595338
Size of the SIS-selected subspace from phi03:       3000
Wall-clock time (second) for this FC:          441.65
FC done!

DI starts ...
total number of SIS-selected features from all iterations:       6000
L0 starts ...

Model/descriptor for generating residual:
================================================================================
  2D descriptor (model): 
Total RMSE,MaxAE:  35.844113167.411574
@@@descriptor: 
                     14:[(cbrt((Cr+Si))*abs(TT-abs(CT-THT)))]
                   3240:[(((NT+THT)/C)/(Mo+abs(C-Ni)))]
       coefficients_001:     0.1013119209E+01   -0.8086509337E-02
          Intercept_001:     0.3668162356E+03
         RMSE,MaxAE_001:     0.3584411338E+02    0.1674115745E+03
================================================================================
Wall-clock time (second) for this DI:            2.47
DI done!

iteration:   3
--------------------------------------------------------------------------------
FC starts ...
File containing the features to be rejected: feature_space/Uspace.name
Total number of features in the space phi00:             21
Total number of features in the space phi01:            815
Total number of features in the space phi02:         409276
Total number of features in the space phi03:     1527595338
Size of the SIS-selected subspace from phi03:       3000
Wall-clock time (second) for this FC:          441.83
FC done!

DI starts ...
total number of SIS-selected features from all iterations:       9000
L0 starts ...

Final model/descriptor to report
================================================================================
  3D descriptor (model): 
Total RMSE,MaxAE:  30.086629136.155384
@@@descriptor: 
                     44:[(cbrt((Cr+Si))*abs(CT-abs(TT-THT)))]
                   3608:[(log((Mo+Ni))/abs(Ni-abs(C-Ni)))]
                   6957:[(((CT-THT)/(Mn+Mo))-(NT/C))]
       coefficients_001:     0.9364958552E+00    0.6247349624E+01    0.4503242042E-01
          Intercept_001:     0.4941449419E+03
         RMSE,MaxAE_001:     0.3008662865E+02    0.1361553842E+03
================================================================================
Wall-clock time (second) for this DI:        17713.44
DI done!

FCDI done !

--------------------------------------------------------------------------------
Total wall-clock time (second):        19046.68

                                               Have a nice day !    


------------------------------------------------------------
Sender: LSF System <lsfadmin@h024>
Subject: Job 814016: <testjob> Done

Job <testjob> was submitted from host <l02> by user <xjsjqianquan> in cluster <hpc>.
Job was executed on host(s) <16*h024>, in queue <normal>, as user <xjsjqianquan> in cluster <hpc>.
                            <16*h030>
                            <16*h023>
                            <16*h021>
</data/home/xjsjqianquan> was used as the home directory.
</data/home/xjsjqianquan/hn0809/test3D_5> was used as the working directory.
Started at Thu Aug 13 15:41:05 2020
Results reported at Thu Aug 13 20:58:39 2020

Your job looked like:

------------------------------------------------------------
# LSBATCH: User input
#!/bin/sh
#BSUB -q normal
#BSUB -n 64
#BSUB -o SISSO.out
#BSUB -e SISSO.err
#BSUB -J testjob
#BSUB -x

ncpus=`cat $LSB_DJOB_HOSTFILE | wc -l`
source /data/soft/compiler/intel/v2013/2013intel.sh
source /data/soft/intel/impi/4.1.0.024/bin64/mpivars.sh
#source /data/home/xjsjswf/RESCU/RESCUPackage/barc
#mpirun -machine $LSB_DJOB_HOSTFILE  -np ${ncpus} rescu --smi -i scf.input
mpirun -np ${ncpus} /data/home/xjsjqianquan/bin/SISSO >log

------------------------------------------------------------

Successfully completed.

Resource usage summary:

    CPU time   :1215510.25 sec.
    Max Memory :     67842 MB
    Max Swap   :     84618 MB

    Max Processes  :        77
    Max Threads    :       206

The output (if any) is above this job summary.



PS:

Read file <SISSO.err> for stderr output of this job.

