Version SISSO.3.0, June, 2019.
================================================================================

Reading data from train.dat ...
Reading parameters from SISSO.in: 
--------------------------------------------------------------------------------
restarts ?     F
descriptor dimension:        2
property type:     1
total number of properties:        1
task_weighting:        1
number of samples for each property:      437
number of scalar features:       21
times of applying the operator set for feature construction (rung of the feature space):        3
max complexity (number of operators in a feature):        4
number of dimension(unit)-type (for dimension analysis):        4
dimension type for each primary feature: 
  1.00  0.00  0.00  0.00
  1.00  0.00  0.00  0.00
  1.00  0.00  0.00  0.00
  1.00  0.00  0.00  0.00
  1.00  0.00  0.00  0.00
  1.00  0.00  0.00  0.00
  0.00  1.00  0.00  0.00
  0.00  1.00  0.00  0.00
  0.00  1.00  0.00  0.00
  0.00  1.00  0.00  0.00
  0.00  0.00  1.00  0.00
  0.00  0.00  1.00  0.00
  0.00  0.00  0.00  1.00
  0.00  0.00  0.00  1.00
  0.00  0.00  0.00  1.00
  0.00  0.00  0.00  1.00
  0.00  0.00  0.00  1.00
  0.00  0.00  0.00  1.00
  0.00  0.00  0.00  1.00
  0.00  0.00  0.00  1.00
  0.00  0.00  0.00  1.00
lower bound of the max abs. data value for the selected features:     0.10000E-02
upper bound of the max abs. data value for the selected features:     0.10000E+06
Expected size of the SIS-selected (single) subspace :   100000
operator set for feature construction: (+)(-)(*)(/)(exp)(log)(^-1)(^2)(^3)(sqrt)(cbrt)(|-|) 
method for sparsification:  L0        
number of the top ranked models to output:      100
fit intercept?      T
metric for model selection: RMSE
--------------------------------------------------------------------------------

Feature Construction and Descriptor Identification (FCDI) starts ...

iteration:   1
--------------------------------------------------------------------------------
FC starts ...
Standard Deviation (SD) of property 001:  186.41687
Total number of features in the space phi00:             21
Total number of features in the space phi01:            815
Total number of features in the space phi02:         409276
Total number of features in the space phi03:       71059258
Size of the SIS-selected subspace from phi03:     100000
Wall-clock time (second) for this FC:          170.94
FC done!

DI starts ...
total number of SIS-selected features from all iterations:     100000
L0 starts ...

Model/descriptor for generating residual:
================================================================================
  1D descriptor (model): 
Total RMSE,MaxAE:  62.980082293.171299
@@@descriptor: 
                      1:[((C+Mo)*abs(DT-(THT-TT)))]
       coefficients_001:     0.2003307944E+01
          Intercept_001:     0.2930412890E+03
         RMSE,MaxAE_001:     0.6298008172E+02    0.2931712995E+03
================================================================================
Wall-clock time (second) for this DI:           12.18
DI done!

iteration:   2
--------------------------------------------------------------------------------
FC starts ...
File containing the features to be rejected: feature_space/Uspace.name
Total number of features in the space phi00:             21
Total number of features in the space phi01:            815
Total number of features in the space phi02:         409276
Total number of features in the space phi03:       71059258
Size of the SIS-selected subspace from phi03:     100000
Wall-clock time (second) for this FC:          214.96
FC done!

DI starts ...
total number of SIS-selected features from all iterations:     200000
L0 starts ...

Final model/descriptor to report
================================================================================
  2D descriptor (model): 
Total RMSE,MaxAE:  36.912791156.714345
@@@descriptor: 
                  13021:[((C-P)*abs(CT-(THT-TT)))]
                  57626:[((Cr+Mo)*(Tt/(C+Cr)))]
       coefficients_001:     0.2177175801E+01    0.3098326090E+01
          Intercept_001:     0.2152734778E+03
         RMSE,MaxAE_001:     0.3691279082E+02    0.1567143452E+03
================================================================================
Wall-clock time (second) for this DI:         1899.79
DI done!

FCDI done !

--------------------------------------------------------------------------------
Total wall-clock time (second):         2377.53

                                               Have a nice day !    


------------------------------------------------------------
Sender: LSF System <lsfadmin@h047>
Subject: Job 813561: <testjob> Done

Job <testjob> was submitted from host <l02> by user <xjsjqianquan> in cluster <hpc>.
Job was executed on host(s) <16*h047>, in queue <normal>, as user <xjsjqianquan> in cluster <hpc>.
                            <16*h024>
                            <16*h023>
                            <16*h030>
</data/home/xjsjqianquan> was used as the home directory.
</data/home/xjsjqianquan/hn0809/test3_4> was used as the working directory.
Started at Wed Aug 12 09:46:03 2020
Results reported at Wed Aug 12 10:25:48 2020

Your job looked like:

------------------------------------------------------------
# LSBATCH: User input
#!/bin/sh
#BSUB -q normal
#BSUB -n 64
#BSUB -o SISSO.out
#BSUB -e SISSO.err
#BSUB -J testjob
#BSUB -x

ncpus=`cat $LSB_DJOB_HOSTFILE | wc -l`
source /data/soft/compiler/intel/v2013/2013intel.sh
source /data/soft/intel/impi/4.1.0.024/bin64/mpivars.sh
#source /data/home/xjsjswf/RESCU/RESCUPackage/barc
#mpirun -machine $LSB_DJOB_HOSTFILE  -np ${ncpus} rescu --smi -i scf.input
mpirun -np ${ncpus} /data/home/xjsjqianquan/bin/SISSO >log

------------------------------------------------------------

Successfully completed.

Resource usage summary:

    CPU time   : 151787.39 sec.
    Max Memory :    119336 MB
    Max Swap   :    137869 MB

    Max Processes  :        77
    Max Threads    :       206

The output (if any) is above this job summary.



PS:

Read file <SISSO.err> for stderr output of this job.

