Version SISSO.3.0.2, June, 2020.
================================================================================

Reading data from train.dat ...
Reading parameters from SISSO.in: 
--------------------------------------------------------------------------------
Restarts :     F
Descriptor dimension:        2
Property type:     1
Total number of properties:        1
Task_weighting:        1
Number of samples for each property:      437
Number of scalar features:       21
Number of recursive calls for feature transformation (rung of the feature space):        3
Max feature complexity (number of operators in a feature):        5
Number of dimension(unit)-type (for dimension analysis):        4
Dimension type for each primary feature: 
  1.00  0.00  0.00  0.00
  1.00  0.00  0.00  0.00
  1.00  0.00  0.00  0.00
  1.00  0.00  0.00  0.00
  1.00  0.00  0.00  0.00
  1.00  0.00  0.00  0.00
  0.00  1.00  0.00  0.00
  0.00  1.00  0.00  0.00
  0.00  1.00  0.00  0.00
  0.00  1.00  0.00  0.00
  0.00  0.00  1.00  0.00
  0.00  0.00  1.00  0.00
  0.00  0.00  0.00  1.00
  0.00  0.00  0.00  1.00
  0.00  0.00  0.00  1.00
  0.00  0.00  0.00  1.00
  0.00  0.00  0.00  1.00
  0.00  0.00  0.00  1.00
  0.00  0.00  0.00  1.00
  0.00  0.00  0.00  1.00
  0.00  0.00  0.00  1.00
Lower bound of the max abs. data value for the selected features:     0.10000E-02
Upper bound of the max abs. data value for the selected features:     0.10000E+06
Size of the SIS-selected (single) subspace :   100000  100000
Operators for feature construction: (+)(-)(*)(/)(exp)(log)(^-1)(^2)(^3)(sqrt)(cbrt)(|-|) (+)(-)(*)(/)(exp)(log)(^-1)(^2)(^3)(sqrt)(cbrt)(|-|) (+)(-)(*)(/)(exp)(log)(^-1)(^2)(^3)(sqrt)(cbrt)(|-|) 
Method for sparsification:  L0        
Number of the top ranked models to output:      100
Fitting intercept?      T
Metric for model selection: RMSE
--------------------------------------------------------------------------------

Feature Construction and Descriptor Identification (FCDI) starts ...

iteration:   1
--------------------------------------------------------------------------------
FC starts ...
Standard Deviation (SD) of property 001:  186.41687
Total number of features in the space phi00:             21
Total number of features in the space phi01:            815
Total number of features in the space phi02:         409090
Total number of features in the space phi03:     1527161696
Size of the SIS-selected subspace from phi03:     100000
Wall-clock time (second) for this FC:          527.39
FC done!

DI starts ...
total number of SIS-selected features from all iterations:     100000
L0 starts ...

Model/descriptor for generating residual:
================================================================================
  1D descriptor (model): 
Total RMSE,MaxAE:  55.335863227.872444
@@@descriptor: 
                      1:[(cbrt((Cr+Si))*abs(THT-abs(CT-TT)))]
       coefficients_001:     0.9997513344E+00
          Intercept_001:     0.2478430735E+03
         RMSE,MaxAE_001:     0.5533586296E+02    0.2278724440E+03
================================================================================
Wall-clock time (second) for this DI:            8.81
DI done!

iteration:   2
--------------------------------------------------------------------------------
FC starts ...
File containing the features to be rejected: feature_space/Uspace.name
Total number of features in the space phi00:             21
Total number of features in the space phi01:            815
Total number of features in the space phi02:         409090
Total number of features in the space phi03:     1527161696
Size of the SIS-selected subspace from phi03:     100000
Wall-clock time (second) for this FC:          560.89
FC done!

DI starts ...
total number of SIS-selected features from all iterations:     200000
L0 starts ...

Final model/descriptor to report
================================================================================
  2D descriptor (model): 
Total RMSE,MaxAE:  34.312897146.054492
@@@descriptor: 
                     44:[(cbrt((Cr+Si))*abs(CT-abs(TT-THT)))]
                 150764:[(log((C+Mo))/sqrt(abs(C-Ni)))]
       coefficients_001:     0.9674935853E+00    0.7007575538E+02
          Intercept_001:     0.3871186935E+03
         RMSE,MaxAE_001:     0.3431289657E+02    0.1460544916E+03
================================================================================
Wall-clock time (second) for this DI:         4056.25
DI done!

FCDI done !

--------------------------------------------------------------------------------
Total wall-clock time (second):         5220.34

                                               Have a nice day !    

